<?xml version="1.0" encoding="UTF-8"?>
<testng-results ignored="0" total="1" passed="1" failed="0" skipped="0">
  <reporter-output>
  </reporter-output>
  <suite started-at="2019-04-02T16:16:45 IST" name="Suite" finished-at="2019-04-02T16:16:46 IST" duration-ms="1550">
    <groups>
    </groups>
    <test started-at="2019-04-02T16:16:45 IST" name="Test" finished-at="2019-04-02T16:16:46 IST" duration-ms="1550">
      <class name="tests.Login">
        <test-method is-config="true" signature="initializeDriver()[pri:0, instance:tests.Login@525575]" started-at="2019-04-02T16:16:32 IST" name="initializeDriver" finished-at="2019-04-02T16:16:45 IST" duration-ms="12572" status="PASS">
          <reporter-output>
          </reporter-output>
        </test-method> <!-- initializeDriver -->
        <test-method signature="loginTestPOM()[pri:0, instance:tests.Login@525575]" started-at="2019-04-02T16:16:45 IST" name="loginTestPOM" finished-at="2019-04-02T16:16:46 IST" duration-ms="1501" status="PASS">
          <reporter-output>
          </reporter-output>
        </test-method> <!-- loginTestPOM -->
        <test-method is-config="true" signature="tearDown()[pri:0, instance:tests.Login@525575]" started-at="2019-04-02T16:16:47 IST" name="tearDown" finished-at="2019-04-02T16:16:48 IST" duration-ms="1205" status="PASS">
          <reporter-output>
          </reporter-output>
        </test-method> <!-- tearDown -->
      </class> <!-- tests.Login -->
    </test> <!-- Test -->
  </suite> <!-- Suite -->
</testng-results>
